
-------------------------------------------------------------------------------
   ROBOCOPY     ::     Robust File Copy for Windows                              
-------------------------------------------------------------------------------

  Started : 2026421 20:10:18
   Source : \\8.136.20.34\d\public_upload\
     Dest : E:\honoka-chan-master (1)\_backup\server_strip_guard\public_upload_full_20260421_200855\

    Files : *.*
	    
  Options : *.* /TEE /S /E /DCOPY:T /COPY:DAT /MT:8 /R:1 /W:1 

------------------------------------------------------------------------------

	  *EXTRA File 		       0	E:\honoka-chan-master (1)\_backup\server_strip_guard\public_upload_full_20260421_200855\robocopy.log
	    New File  		       0	\\8.136.20.34\d\public_upload\data\honoka-chan.db\LOCK
2026/04/21 20:10:19 ERROR 32 (0x00000020) Copying File \\8.136.20.34\d\public_upload\data\honoka-chan.db\LOCK
The process cannot access the file because it is being used by another process.
Waiting 1 seconds...
	    New File  		       0	\\8.136.20.34\d\public_upload\data\honoka-chan.db\LOCK Retrying...
2026/04/21 20:10:20 ERROR 32 (0x00000020) Copying File \\8.136.20.34\d\public_upload\data\honoka-chan.db\LOCK
The process cannot access the file because it is being used by another process.

ERROR: RETRY LIMIT EXCEEDED.


------------------------------------------------------------------------------

               Total    Copied   Skipped  Mismatch    FAILED    Extras
    Dirs :        36        36        36         0         0         0
   Files :      5407         0      5406         0         1         1
   Bytes :  317.61 m         0  317.61 m         0         0         0
   Times :   0:00:02   0:00:00                       0:00:00   0:00:01
   Ended : 2026421 20:10:20

